0 info it worked if it ends with ok
1 verbose cli [
1 verbose cli   'C:\\Program Files\\nodejs\\node.exe',
1 verbose cli   'C:\\Program Files\\nodejs\\node_modules\\npm\\bin\\npm-cli.js',
1 verbose cli   'start'
1 verbose cli ]
2 info using npm@6.13.4
3 info using node@v12.16.1
4 verbose run-script [ 'prestart', 'start', 'poststart' ]
5 info lifecycle new-form@0.1.0~prestart: new-form@0.1.0
6 info lifecycle new-form@0.1.0~start: new-form@0.1.0
7 verbose lifecycle new-form@0.1.0~start: unsafe-perm in lifecycle true
8 verbose lifecycle new-form@0.1.0~start: PATH: C:\Program Files\nodejs\node_modules\npm\node_modules\npm-lifecycle\node-gyp-bin;C:\Users\Felipe Paulino\Documents\GitHub\new-form\node_modules\.bin;C:\Python27\;C:\Python27\Scripts;C:\Windows\system32;C:\Windows;C:\Windows\System32\Wbem;C:\Windows\System32\WindowsPowerShell\v1.0\;C:\Windows\System32\OpenSSH\;C:\Program Files (x86)\NVIDIA Corporation\PhysX\Common;C:\Program Files\NVIDIA Corporation\NVIDIA NvDLISR;C:\Program Files\nodejs\;C:\ProgramData\chocolatey\bin;C:\Program Files\Git\cmd;C:\WINDOWS\system32;C:\WINDOWS;C:\WINDOWS\System32\Wbem;C:\WINDOWS\System32\WindowsPowerShell\v1.0\;C:\WINDOWS\System32\OpenSSH\;C:\Program Files\Docker\Docker\resources\bin;C:\ProgramData\DockerDesktop\version-bin;C:\Program Files (x86)\Intel\Intel(R) Management Engine Components\DAL;C:\Program Files\Intel\Intel(R) Management Engine Components\DAL;C:\Program Files (x86)\Yarn\bin\;C:\Users\Felipe Paulino\AppData\Local\Microsoft\WindowsApps;C:\Users\Felipe Paulino\AppData\Local\Programs\Microsoft VS Code\bin;C:\Users\Felipe Paulino\AppData\Local\GitHubDesktop\bin;C:\Users\Felipe Paulino\AppData\Local\Microsoft\WindowsApps;C:\Users\Felipe Paulino\AppData\Local\Yarn\bin
9 verbose lifecycle new-form@0.1.0~start: CWD: C:\Users\Felipe Paulino\Documents\GitHub\new-form
10 silly lifecycle new-form@0.1.0~start: Args: [ '/d /s /c', 'react-scripts start' ]
11 silly lifecycle new-form@0.1.0~start: Returned: code: 1  signal: null
12 info lifecycle new-form@0.1.0~start: Failed to exec start script
13 verbose stack Error: new-form@0.1.0 start: `react-scripts start`
13 verbose stack Exit status 1
13 verbose stack     at EventEmitter.<anonymous> (C:\Program Files\nodejs\node_modules\npm\node_modules\npm-lifecycle\index.js:332:16)
13 verbose stack     at EventEmitter.emit (events.js:311:20)
13 verbose stack     at ChildProcess.<anonymous> (C:\Program Files\nodejs\node_modules\npm\node_modules\npm-lifecycle\lib\spawn.js:55:14)
13 verbose stack     at ChildProcess.emit (events.js:311:20)
13 verbose stack     at maybeClose (internal/child_process.js:1021:16)
13 verbose stack     at Process.ChildProcess._handle.onexit (internal/child_process.js:286:5)
14 verbose pkgid new-form@0.1.0
15 verbose cwd C:\Users\Felipe Paulino\Documents\GitHub\new-form
16 verbose Windows_NT 10.0.19041
17 verbose argv "C:\\Program Files\\nodejs\\node.exe" "C:\\Program Files\\nodejs\\node_modules\\npm\\bin\\npm-cli.js" "start"
18 verbose node v12.16.1
19 verbose npm  v6.13.4
20 error code ELIFECYCLE
21 error errno 1
22 error new-form@0.1.0 start: `react-scripts start`
22 error Exit status 1
23 error Failed at the new-form@0.1.0 start script.
23 error This is probably not a problem with npm. There is likely additional logging output above.
24 verbose exit [ 1, true ]
